<?xml version="1.0" encoding="UTF-8"?>
<!-- Generated by org.testng.reporters.JUnitReportReporter -->
<testsuite hostname="WKSPUN05GTR0523" failures="0" tests="1" name="registerTest.TestRunner" time="39.978" errors="0" timestamp="2025-04-30T16:25:33 IST" skipped="0">
  <testcase classname="registerTest.TestRunner" name="runScenario" time="39.978"/>
</testsuite> <!-- registerTest.TestRunner -->
