<?xml version="1.0" encoding="UTF-8"?>
<!-- Generated by org.testng.reporters.JUnitReportReporter -->
<testsuite hostname="WKSPUN05GTR0523" failures="0" tests="1" name="stepdefinitions.Runner" time="0.184" errors="0" timestamp="2025-05-14T15:51:23 IST" skipped="0">
  <testcase classname="stepdefinitions.Runner" name="runScenario" time="0.184"/>
</testsuite> <!-- stepdefinitions.Runner -->
