<?xml version="1.0" encoding="UTF-8"?>
<!-- Generated by org.testng.reporters.JUnitReportReporter -->
<testsuite hostname="WKSPUN05GTR0523" failures="0" tests="1" name="loginDefinitions.TestRunner" time="12.386" errors="0" timestamp="2025-05-14T17:49:34 IST" skipped="0">
  <testcase classname="loginDefinitions.TestRunner" name="runScenario" time="12.386"/>
</testsuite> <!-- loginDefinitions.TestRunner -->
