<?xml version="1.0" encoding="UTF-8"?>
<!-- Generated by org.testng.reporters.JUnitReportReporter -->
<testsuite hostname="WKSPUN05GTR0523" failures="0" tests="2" name="TestRunner.TestRunner" time="29.163" errors="0" timestamp="2025-05-17T17:56:49 IST" skipped="0">
  <testcase classname="TestRunner.TestRunner" name="runScenario" time="13.640"/>
  <testcase classname="TestRunner.TestRunner" name="runScenario" time="15.523"/>
</testsuite> <!-- TestRunner.TestRunner -->
