<?xml version="1.0" encoding="UTF-8"?>
<!-- Generated by org.testng.reporters.JUnitReportReporter -->
<testsuite hostname="WKSPUN05GTR0523" failures="0" tests="1" name="day1.testrunner" time="0.199" errors="0" timestamp="2025-04-28T17:56:13 IST" skipped="0">
  <testcase classname="day1.testrunner" name="runScenario" time="0.199"/>
</testsuite> <!-- day1.testrunner -->
