<?xml version="1.0" encoding="UTF-8"?>
<!-- Generated by org.testng.reporters.JUnitReportReporter -->
<testsuite hostname="WKSPUN05GTR0523" failures="0" tests="2" name="com.awesomeqa.runners.TestRunner" time="33.813" errors="0" timestamp="2025-04-29T17:17:52 IST" skipped="0">
  <testcase classname="com.awesomeqa.runners.TestRunner" name="runScenario" time="18.440"/>
  <testcase classname="com.awesomeqa.runners.TestRunner" name="runScenario" time="15.373"/>
</testsuite> <!-- com.awesomeqa.runners.TestRunner -->
