<?xml version="1.0" encoding="UTF-8"?>
<!-- Generated by org.testng.reporters.JUnitReportReporter -->
<testsuite hostname="WKSPUN05GTR0523" failures="0" tests="2" name="day2.TestRunner" time="0.199" errors="0" timestamp="2025-04-29T16:55:22 IST" skipped="0">
  <testcase classname="day2.TestRunner" name="runScenario" time="0.193"/>
  <testcase classname="day2.TestRunner" name="runScenario" time="0.006"/>
</testsuite> <!-- day2.TestRunner -->
