<?xml version="1.0" encoding="UTF-8"?>
<!-- Generated by org.testng.reporters.JUnitReportReporter -->
<testsuite hostname="WKSPUN05GTR0523" failures="0" tests="2" name="awesomeqaTest.runner" time="31.394" errors="0" timestamp="2025-04-29T14:15:26 IST" skipped="0">
  <testcase classname="awesomeqaTest.runner" name="runScenario" time="16.645"/>
  <testcase classname="awesomeqaTest.runner" name="runScenario" time="14.749"/>
</testsuite> <!-- awesomeqaTest.runner -->
