<?xml version="1.0" encoding="UTF-8"?>
<!-- Generated by org.testng.reporters.JUnitReportReporter -->
<testsuite hostname="WKSPUN05GTR0523" failures="0" tests="2" name="automationTest.runner" time="47.006" errors="0" timestamp="2025-04-30T10:47:40 IST" skipped="0">
  <testcase classname="automationTest.runner" name="runScenario" time="26.705"/>
  <testcase classname="automationTest.runner" name="runScenario" time="20.301"/>
</testsuite> <!-- automationTest.runner -->
